{
  "stats": {
    "suites": 1,
    "tests": 1,
    "passes": 0,
    "pending": 0,
    "failures": 1,
    "start": "2021-07-05T23:16:34.763Z",
    "end": "2021-07-05T23:17:13.674Z",
    "duration": 38911,
    "testsRegistered": 1,
    "passPercent": 0,
    "pendingPercent": 0,
    "other": 0,
    "hasOther": false,
    "skipped": 0,
    "hasSkipped": false
  },
  "results": [
    {
      "uuid": "3c6addb4-5c08-480d-aabd-223a5d2762c8",
      "title": "",
      "fullFile": "cypress/integration/cadastro.spec.js",
      "file": "cypress/integration/cadastro.spec.js",
      "beforeHooks": [],
      "afterHooks": [],
      "tests": [],
      "suites": [
        {
          "uuid": "afba2605-c137-4af6-a3f1-b7404ec34133",
          "title": "Cadastro",
          "fullFile": "",
          "file": "",
          "beforeHooks": [],
          "afterHooks": [],
          "tests": [
            {
              "title": "Cadastro de usuario no site",
              "fullTitle": "Cadastro Cadastro de usuario no site",
              "timedOut": null,
              "duration": 38751,
              "state": "failed",
              "speed": null,
              "pass": false,
              "fail": true,
              "pending": false,
              "context": null,
              "code": "//rotas\n//POST (aborted) /api/1/databases/userdetails/collections/newtable?apiKey=YEX0M2QMPd7JWJw_ipMB3a5gDddt4B_X\n//POST (aborted) /api/1/databases/userdetails/collections/usertable?apiKey=YEX0M2QMPd7JWJw_ipMB3a5gDddt4B_X\n//GET (aborted) /api/1/databases/userdetails/collections/newtable?apiKey=YEX0M2QMPd7JWJw_ipMB3a5gDddt4B_X\ncy.intercept('POST', '**/api/1/databases/userdetails/collections/newtable?**', {\n  statusCode: 200,\n  body: {}\n}).as('postNewtable');\ncy.intercept('POST', '**/api/1/databases/userdetails/collections/usertable?**', {\n  statusCode: 200,\n  body: {}\n}).as('postUsertable');\ncy.intercept('GET', '**/api/1/databases/userdetails/collections/newtable?**', {\n  statusCode: 200,\n  body: {}\n}).as('getNewtable');\ncy.visit('Register.html');\ncy.get('input[placeholder=\"First Name\"]').type(chance.first());\ncy.get('input[ng-model^=Last]').type(chance.last());\ncy.get('input[ng-model^=Email]').type(chance.email());\ncy.get('input[ng-model^=Phone]').type(chance.phone({\n  formatted: false\n})); //Radios e Checks\ncy.get('input[value=FeMale]').check();\ncy.get('input[type=checkbox]').check('Cricket');\ncy.get('input[type=checkbox]').check('Hockey'); //Combo -- Select\ncy.get('select#Skills').select('APIs');\ncy.get('select#countries').select('Argentina');\ncy.get('select#country').select('Australia', {\n  force: true\n});\ncy.get('select#yearbox').select('1988');\ncy.get('select[ng-model^=month]').select('November');\ncy.get('select#daybox').select('18');\ncy.get('input#firstpassword').type('Ab@123456');\ncy.get('input#secondpassword').type('Ab@123456'); //Upload Imagem\ncy.get('input#imagesrc').attachFile('upload.png'); //click\ncy.get('#submitbtn').click();\ncy.wait('@postNewtable').then(function (resNewtable) {\n  expect(resNewtable.response.statusCodes).to.eq(200);\n});\ncy.wait('@postUsertable').then(function (resUsertable) {\n  expect(resUsertable.response.statusCodes).to.eq(200);\n});\ncy.wait('@getNewtable').then(function (resNewtable) {\n  expect(resNewtable.response.statusCodes).to.eq(200);\n});\ncy.url().should('contain', 'WebTable');",
              "err": {
                "message": "AssertionError: expected undefined to equal 200",
                "estack": "AssertionError: expected undefined to equal 200\n    at Context.eval (http://demo.automationtesting.in/__cypress/tests?p=cypress/integration/cadastro.spec.js:53:51)",
                "diff": null
              },
              "uuid": "fd624f34-6f45-4715-92f2-98fb19886a10",
              "parentUUID": "afba2605-c137-4af6-a3f1-b7404ec34133",
              "isHook": false,
              "skipped": false
            }
          ],
          "suites": [],
          "passes": [],
          "failures": [
            "fd624f34-6f45-4715-92f2-98fb19886a10"
          ],
          "pending": [],
          "skipped": [],
          "duration": 38751,
          "root": false,
          "rootEmpty": false,
          "_timeout": 2000
        }
      ],
      "passes": [],
      "failures": [],
      "pending": [],
      "skipped": [],
      "duration": 0,
      "root": true,
      "rootEmpty": true,
      "_timeout": 2000
    }
  ],
  "meta": {
    "mocha": {
      "version": "7.0.1"
    },
    "mochawesome": {
      "options": {
        "quiet": true,
        "reportFilename": "mochawesome",
        "saveHtml": false,
        "saveJson": true,
        "consoleReporter": "spec",
        "useInlineDiffs": false,
        "code": true
      },
      "version": "6.2.2"
    },
    "marge": {
      "options": {
        "id": "default",
        "reportDir": "mochawesome-report",
        "quiet": true,
        "overwrite": false,
        "html": false,
        "json": true
      },
      "version": "5.2.0"
    }
  }
}