{
  "stats": {
    "suites": 1,
    "tests": 2,
    "passes": 2,
    "pending": 0,
    "failures": 0,
    "start": "2021-07-05T23:17:24.489Z",
    "end": "2021-07-05T23:17:44.012Z",
    "duration": 19523,
    "testsRegistered": 2,
    "passPercent": 100,
    "pendingPercent": 0,
    "other": 0,
    "hasOther": false,
    "skipped": 0,
    "hasSkipped": false
  },
  "results": [
    {
      "uuid": "3694c9d5-1748-4bc4-96c8-44347c61b446",
      "title": "",
      "fullFile": "cypress/integration/listagem.spec.js",
      "file": "cypress/integration/listagem.spec.js",
      "beforeHooks": [],
      "afterHooks": [],
      "tests": [],
      "suites": [
        {
          "uuid": "ea379fca-d714-422a-ae5c-ebe6104ec777",
          "title": "Listagem",
          "fullFile": "",
          "file": "",
          "beforeHooks": [],
          "afterHooks": [],
          "tests": [
            {
              "title": "Listagem sem registro",
              "fullTitle": "Listagem Listagem sem registro",
              "timedOut": null,
              "duration": 14434,
              "state": "passed",
              "speed": "slow",
              "pass": true,
              "fail": false,
              "pending": false,
              "context": null,
              "code": "cy.server();\ncy.route({\n  method: 'GET',\n  url: '**/api/1/databases/userdetails/collections/newtable?**',\n  status: 200,\n  response: {}\n}).as('getNewtable');\ncy.visit('WebTable.html');\ncy.get('div[role=row]').should('have.length', 1);",
              "err": {},
              "uuid": "237f1642-e251-4c95-a037-c8b2e3b07a7d",
              "parentUUID": "ea379fca-d714-422a-ae5c-ebe6104ec777",
              "isHook": false,
              "skipped": false
            },
            {
              "title": "Listagem com um registro",
              "fullTitle": "Listagem Listagem com um registro",
              "timedOut": null,
              "duration": 4700,
              "state": "passed",
              "speed": "slow",
              "pass": true,
              "fail": false,
              "pending": false,
              "context": null,
              "code": "cy.server();\ncy.route({\n  method: 'GET',\n  url: '**/api/1/databases/userdetails/collections/newtable?**',\n  status: 200,\n  response: 'fx:webtable-get'\n}).as('getNewtable');\ncy.visit('WebTable.html');\ncy.get('div[role=row] div[role=gridcell]').eq(4).find('div').as('gridCellPhone');\ncy.get('@gridCellPhone').should('contain.text', '3129876543');",
              "err": {},
              "uuid": "5274fc0e-e621-4af6-9ca8-c8d8b2416936",
              "parentUUID": "ea379fca-d714-422a-ae5c-ebe6104ec777",
              "isHook": false,
              "skipped": false
            }
          ],
          "suites": [],
          "passes": [
            "237f1642-e251-4c95-a037-c8b2e3b07a7d",
            "5274fc0e-e621-4af6-9ca8-c8d8b2416936"
          ],
          "failures": [],
          "pending": [],
          "skipped": [],
          "duration": 19134,
          "root": false,
          "rootEmpty": false,
          "_timeout": 2000
        }
      ],
      "passes": [],
      "failures": [],
      "pending": [],
      "skipped": [],
      "duration": 0,
      "root": true,
      "rootEmpty": true,
      "_timeout": 2000
    }
  ],
  "meta": {
    "mocha": {
      "version": "7.0.1"
    },
    "mochawesome": {
      "options": {
        "quiet": true,
        "reportFilename": "mochawesome",
        "saveHtml": false,
        "saveJson": true,
        "consoleReporter": "spec",
        "useInlineDiffs": false,
        "code": true
      },
      "version": "6.2.2"
    },
    "marge": {
      "options": {
        "id": "default",
        "reportDir": "mochawesome-report",
        "quiet": true,
        "overwrite": false,
        "html": false,
        "json": true
      },
      "version": "5.2.0"
    }
  }
}