{
  "stats": {
    "suites": 1,
    "tests": 2,
    "passes": 2,
    "pending": 0,
    "failures": 0,
    "start": "2021-07-05T23:12:10.007Z",
    "end": "2021-07-05T23:12:27.466Z",
    "duration": 17459,
    "testsRegistered": 2,
    "passPercent": 100,
    "pendingPercent": 0,
    "other": 0,
    "hasOther": false,
    "skipped": 0,
    "hasSkipped": false
  },
  "results": [
    {
      "uuid": "75ec9494-ff43-4565-a43d-ecb3f5a719ae",
      "title": "",
      "fullFile": "cypress/integration/listagem.spec.js",
      "file": "cypress/integration/listagem.spec.js",
      "beforeHooks": [],
      "afterHooks": [],
      "tests": [],
      "suites": [
        {
          "uuid": "93043170-4c9f-4eeb-97c2-462e436a99a5",
          "title": "Listagem",
          "fullFile": "",
          "file": "",
          "beforeHooks": [],
          "afterHooks": [],
          "tests": [
            {
              "title": "Listagem sem registro",
              "fullTitle": "Listagem Listagem sem registro",
              "timedOut": null,
              "duration": 13870,
              "state": "passed",
              "speed": "slow",
              "pass": true,
              "fail": false,
              "pending": false,
              "context": null,
              "code": "cy.server();\ncy.route({\n  method: 'GET',\n  url: '**/api/1/databases/userdetails/collections/newtable?**',\n  status: 200,\n  response: {}\n}).as('getNewtable');\ncy.visit('WebTable.html');\ncy.get('div[role=row]').should('have.length', 1);",
              "err": {},
              "uuid": "ed1eab02-5f1c-4d3d-be93-0dd69e91a9eb",
              "parentUUID": "93043170-4c9f-4eeb-97c2-462e436a99a5",
              "isHook": false,
              "skipped": false
            },
            {
              "title": "Listagem com um registro",
              "fullTitle": "Listagem Listagem com um registro",
              "timedOut": null,
              "duration": 3423,
              "state": "passed",
              "speed": "slow",
              "pass": true,
              "fail": false,
              "pending": false,
              "context": null,
              "code": "cy.server();\ncy.route({\n  method: 'GET',\n  url: '**/api/1/databases/userdetails/collections/newtable?**',\n  status: 200,\n  response: 'fx:webtable-get'\n}).as('getNewtable');\ncy.visit('WebTable.html');\ncy.get('div[role=row] div[role=gridcell]').eq(4).find('div').as('gridCellPhone');\ncy.get('@gridCellPhone').should('contain.text', '3129876543');",
              "err": {},
              "uuid": "0b20fca4-bc78-44a2-a2f9-ee88ffdb2242",
              "parentUUID": "93043170-4c9f-4eeb-97c2-462e436a99a5",
              "isHook": false,
              "skipped": false
            }
          ],
          "suites": [],
          "passes": [
            "ed1eab02-5f1c-4d3d-be93-0dd69e91a9eb",
            "0b20fca4-bc78-44a2-a2f9-ee88ffdb2242"
          ],
          "failures": [],
          "pending": [],
          "skipped": [],
          "duration": 17293,
          "root": false,
          "rootEmpty": false,
          "_timeout": 2000
        }
      ],
      "passes": [],
      "failures": [],
      "pending": [],
      "skipped": [],
      "duration": 0,
      "root": true,
      "rootEmpty": true,
      "_timeout": 2000
    }
  ],
  "meta": {
    "mocha": {
      "version": "7.0.1"
    },
    "mochawesome": {
      "options": {
        "quiet": true,
        "reportFilename": "mochawesome",
        "saveHtml": false,
        "saveJson": true,
        "consoleReporter": "spec",
        "useInlineDiffs": false,
        "code": true
      },
      "version": "6.2.2"
    },
    "marge": {
      "options": {
        "id": "default",
        "reportDir": "mochawesome-report",
        "quiet": true,
        "overwrite": false,
        "html": false,
        "json": true
      },
      "version": "5.2.0"
    }
  }
}